Questionable use of curly braces in "m1 n006 n001 0 0 nmos l={lbias} w={wbias} ad={wbias*ld} as={wbias*ld} pd={2*wbias+2*ld} ps={2*wbias+2*ld} m=1"
    Error: undefined symbol in: "wbias*[ld]"
Questionable use of curly braces in "m1 n006 n001 0 0 nmos l={lbias} w={wbias} ad=(wbias*ld) as={wbias*ld} pd={2*wbias+2*ld} ps={2*wbias+2*ld} m=1"
    Error: undefined symbol in: "wbias*[ld]"
Questionable use of curly braces in "m1 n006 n001 0 0 nmos l={lbias} w={wbias} ad=(wbias*ld) as=(wbias*ld) pd={2*wbias+2*ld} ps={2*wbias+2*ld} m=1"
    Error: undefined symbol in: "2*wbias+2*[ld]"
Questionable use of curly braces in "m1 n006 n001 0 0 nmos l={lbias} w={wbias} ad=(wbias*ld) as=(wbias*ld) pd=(2*wbias+2*ld) ps={2*wbias+2*ld} m=1"
    Error: undefined symbol in: "2*wbias+2*[ld]"
Questionable use of curly braces in "m2 n004 n001 n006 0 nmos l={lbias} w={wbias} ad={wbias*ld} as={wbias*ld} pd={2*wbias+2*ld} ps={2*wbias+2*ld} m=1"
    Error: undefined symbol in: "wbias*[ld]"
Questionable use of curly braces in "m2 n004 n001 n006 0 nmos l={lbias} w={wbias} ad=(wbias*ld) as={wbias*ld} pd={2*wbias+2*ld} ps={2*wbias+2*ld} m=1"
    Error: undefined symbol in: "wbias*[ld]"
Questionable use of curly braces in "m2 n004 n001 n006 0 nmos l={lbias} w={wbias} ad=(wbias*ld) as=(wbias*ld) pd={2*wbias+2*ld} ps={2*wbias+2*ld} m=1"
    Error: undefined symbol in: "2*wbias+2*[ld]"
Questionable use of curly braces in "m2 n004 n001 n006 0 nmos l={lbias} w={wbias} ad=(wbias*ld) as=(wbias*ld) pd=(2*wbias+2*ld) ps={2*wbias+2*ld} m=1"
    Error: undefined symbol in: "2*wbias+2*[ld]"
Questionable use of curly braces in "m3 n002 n001 n004 0 nmos l={lbias} w={wbias} ad={wbias*ld} as={wbias*ld} pd={2*wbias+2*ld} ps={2*wbias+2*ld} m=1"
    Error: undefined symbol in: "wbias*[ld]"
Questionable use of curly braces in "m3 n002 n001 n004 0 nmos l={lbias} w={wbias} ad=(wbias*ld) as={wbias*ld} pd={2*wbias+2*ld} ps={2*wbias+2*ld} m=1"
    Error: undefined symbol in: "wbias*[ld]"
Questionable use of curly braces in "m3 n002 n001 n004 0 nmos l={lbias} w={wbias} ad=(wbias*ld) as=(wbias*ld) pd={2*wbias+2*ld} ps={2*wbias+2*ld} m=1"
    Error: undefined symbol in: "2*wbias+2*[ld]"
Questionable use of curly braces in "m3 n002 n001 n004 0 nmos l={lbias} w={wbias} ad=(wbias*ld) as=(wbias*ld) pd=(2*wbias+2*ld) ps={2*wbias+2*ld} m=1"
    Error: undefined symbol in: "2*wbias+2*[ld]"
Questionable use of curly braces in "m4 vd n001 n002 0 nmos l={lbias} w={wbias} ad={wbias*ld} as={wbias*ld} pd={2*wbias+2*ld} ps={2*wbias+2*ld} m=1"
    Error: undefined symbol in: "wbias*[ld]"
Questionable use of curly braces in "m4 vd n001 n002 0 nmos l={lbias} w={wbias} ad=(wbias*ld) as={wbias*ld} pd={2*wbias+2*ld} ps={2*wbias+2*ld} m=1"
    Error: undefined symbol in: "wbias*[ld]"
Questionable use of curly braces in "m4 vd n001 n002 0 nmos l={lbias} w={wbias} ad=(wbias*ld) as=(wbias*ld) pd={2*wbias+2*ld} ps={2*wbias+2*ld} m=1"
    Error: undefined symbol in: "2*wbias+2*[ld]"
Questionable use of curly braces in "m4 vd n001 n002 0 nmos l={lbias} w={wbias} ad=(wbias*ld) as=(wbias*ld) pd=(2*wbias+2*ld) ps={2*wbias+2*ld} m=1"
    Error: undefined symbol in: "2*wbias+2*[ld]"
Questionable use of curly braces in "m5 n007 n001 0 0 nmos l={lbias} w={wbias} ad={wbias*ld} as={wbias*ld} pd={2*wbias+2*ld} ps={2*wbias+2*ld} m=1"
    Error: undefined symbol in: "wbias*[ld]"
Questionable use of curly braces in "m5 n007 n001 0 0 nmos l={lbias} w={wbias} ad=(wbias*ld) as={wbias*ld} pd={2*wbias+2*ld} ps={2*wbias+2*ld} m=1"
    Error: undefined symbol in: "wbias*[ld]"
Questionable use of curly braces in "m5 n007 n001 0 0 nmos l={lbias} w={wbias} ad=(wbias*ld) as=(wbias*ld) pd={2*wbias+2*ld} ps={2*wbias+2*ld} m=1"
    Error: undefined symbol in: "2*wbias+2*[ld]"
Questionable use of curly braces in "m5 n007 n001 0 0 nmos l={lbias} w={wbias} ad=(wbias*ld) as=(wbias*ld) pd=(2*wbias+2*ld) ps={2*wbias+2*ld} m=1"
    Error: undefined symbol in: "2*wbias+2*[ld]"
Questionable use of curly braces in "m6 n005 n001 n007 0 nmos l={lbias} w={wbias} ad={wbias*ld} as={wbias*ld} pd={2*wbias+2*ld} ps={2*wbias+2*ld} m=1"
    Error: undefined symbol in: "wbias*[ld]"
Questionable use of curly braces in "m6 n005 n001 n007 0 nmos l={lbias} w={wbias} ad=(wbias*ld) as={wbias*ld} pd={2*wbias+2*ld} ps={2*wbias+2*ld} m=1"
    Error: undefined symbol in: "wbias*[ld]"
Questionable use of curly braces in "m6 n005 n001 n007 0 nmos l={lbias} w={wbias} ad=(wbias*ld) as=(wbias*ld) pd={2*wbias+2*ld} ps={2*wbias+2*ld} m=1"
    Error: undefined symbol in: "2*wbias+2*[ld]"
Questionable use of curly braces in "m6 n005 n001 n007 0 nmos l={lbias} w={wbias} ad=(wbias*ld) as=(wbias*ld) pd=(2*wbias+2*ld) ps={2*wbias+2*ld} m=1"
    Error: undefined symbol in: "2*wbias+2*[ld]"
Questionable use of curly braces in "m7 n003 n001 n005 0 nmos l={lbias} w={wbias} ad={wbias*ld} as={wbias*ld} pd={2*wbias+2*ld} ps={2*wbias+2*ld} m=1"
    Error: undefined symbol in: "wbias*[ld]"
Questionable use of curly braces in "m7 n003 n001 n005 0 nmos l={lbias} w={wbias} ad=(wbias*ld) as={wbias*ld} pd={2*wbias+2*ld} ps={2*wbias+2*ld} m=1"
    Error: undefined symbol in: "wbias*[ld]"
Questionable use of curly braces in "m7 n003 n001 n005 0 nmos l={lbias} w={wbias} ad=(wbias*ld) as=(wbias*ld) pd={2*wbias+2*ld} ps={2*wbias+2*ld} m=1"
    Error: undefined symbol in: "2*wbias+2*[ld]"
Questionable use of curly braces in "m7 n003 n001 n005 0 nmos l={lbias} w={wbias} ad=(wbias*ld) as=(wbias*ld) pd=(2*wbias+2*ld) ps={2*wbias+2*ld} m=1"
    Error: undefined symbol in: "2*wbias+2*[ld]"
Questionable use of curly braces in "m8 vd n001 n003 0 nmos l={lbias} w={wbias} ad={wbias*ld} as={wbias*ld} pd={2*wbias+2*ld} ps={2*wbias+2*ld} m=1"
    Error: undefined symbol in: "wbias*[ld]"
Questionable use of curly braces in "m8 vd n001 n003 0 nmos l={lbias} w={wbias} ad=(wbias*ld) as={wbias*ld} pd={2*wbias+2*ld} ps={2*wbias+2*ld} m=1"
    Error: undefined symbol in: "wbias*[ld]"
Questionable use of curly braces in "m8 vd n001 n003 0 nmos l={lbias} w={wbias} ad=(wbias*ld) as=(wbias*ld) pd={2*wbias+2*ld} ps={2*wbias+2*ld} m=1"
    Error: undefined symbol in: "2*wbias+2*[ld]"
Questionable use of curly braces in "m8 vd n001 n003 0 nmos l={lbias} w={wbias} ad=(wbias*ld) as=(wbias*ld) pd=(2*wbias+2*ld) ps={2*wbias+2*ld} m=1"
    Error: undefined symbol in: "2*wbias+2*[ld]"
Circuit: * G:\Mi unidad\Universidad\Semestre Actual\CMOS Image Sensor\Simulaciones 3\Draft4.asc

Ignoring BSIM parameter XL
Ignoring BSIM parameter XW
Error on line 2 : m1 n006 n001 0 0 nmos l= 3.9e-006  w= 2.4e-006  ad=(wbias*ld) as=(wbias*ld) pd=(2*wbias+2*ld) ps=(2*wbias+2*ld) m=1
	 Unknown parameter "wbias*ld"
Error on line 3 : m2 n004 n001 n006 0 nmos l= 3.9e-006  w= 2.4e-006  ad=(wbias*ld) as=(wbias*ld) pd=(2*wbias+2*ld) ps=(2*wbias+2*ld) m=1
	 Unknown parameter "wbias*ld"
Error on line 4 : m3 n002 n001 n004 0 nmos l= 3.9e-006  w= 2.4e-006  ad=(wbias*ld) as=(wbias*ld) pd=(2*wbias+2*ld) ps=(2*wbias+2*ld) m=1
	 Unknown parameter "wbias*ld"
Error on line 5 : m4 vd n001 n002 0 nmos l= 3.9e-006  w= 2.4e-006  ad=(wbias*ld) as=(wbias*ld) pd=(2*wbias+2*ld) ps=(2*wbias+2*ld) m=1
	 Unknown parameter "wbias*ld"
Error on line 7 : m5 n007 n001 0 0 nmos l= 3.9e-006  w= 2.4e-006  ad=(wbias*ld) as=(wbias*ld) pd=(2*wbias+2*ld) ps=(2*wbias+2*ld) m=1
	 Unknown parameter "wbias*ld"
Error on line 8 : m6 n005 n001 n007 0 nmos l= 3.9e-006  w= 2.4e-006  ad=(wbias*ld) as=(wbias*ld) pd=(2*wbias+2*ld) ps=(2*wbias+2*ld) m=1
	 Unknown parameter "wbias*ld"
Error on line 9 : m7 n003 n001 n005 0 nmos l= 3.9e-006  w= 2.4e-006  ad=(wbias*ld) as=(wbias*ld) pd=(2*wbias+2*ld) ps=(2*wbias+2*ld) m=1
	 Unknown parameter "wbias*ld"
Error on line 10 : m8 vd n001 n003 0 nmos l= 3.9e-006  w= 2.4e-006  ad=(wbias*ld) as=(wbias*ld) pd=(2*wbias+2*ld) ps=(2*wbias+2*ld) m=1
	 Unknown parameter "wbias*ld"
Warning: Pd = 0 is less than W.
Warning: Ps = 0 is less than W.

Date: Fri Jan 31 23:35:34 2020
Total elapsed time: 0.280 seconds.

tnom = 27
temp = 27
method = trap
totiter = 10006
traniter = 0
tranpoints = 0
accept = 0
rejected = 0
matrix size = 10
fillins = 0
solver = Normal
Matrix Compiler1: 490 bytes object code size  0.2/0.1/[0.1]
Matrix Compiler2: 862 bytes object code size  0.2/0.2/[0.1]

